Determining if the pthread_create exist failed with the following output:
Change Dir: /home/tango/project_tango/project_tango_ws/build/hector_imu_tools/CMakeFiles/CMakeTmp

Run Build Command:"/usr/bin/make" "cmTC_37fcf/fast"
/usr/bin/make -f CMakeFiles/cmTC_37fcf.dir/build.make CMakeFiles/cmTC_37fcf.dir/build
make[1]: Entering directory '/home/tango/project_tango/project_tango_ws/build/hector_imu_tools/CMakeFiles/CMakeTmp'
Building C object CMakeFiles/cmTC_37fcf.dir/CheckSymbolExists.c.o
/usr/bin/cc    -o CMakeFiles/cmTC_37fcf.dir/CheckSymbolExists.c.o   -c /home/tango/project_tango/project_tango_ws/build/hector_imu_tools/CMakeFiles/CMakeTmp/CheckSymbolExists.c
Linking C executable cmTC_37fcf
/usr/bin/cmake -E cmake_link_script CMakeFiles/cmTC_37fcf.dir/link.txt --verbose=1
/usr/bin/cc      -rdynamic CMakeFiles/cmTC_37fcf.dir/CheckSymbolExists.c.o  -o cmTC_37fcf 
CMakeFiles/cmTC_37fcf.dir/CheckSymbolExists.c.o: In function `main':
CheckSymbolExists.c:(.text+0x2c): undefined reference to `pthread_create'
collect2: error: ld returned 1 exit status
CMakeFiles/cmTC_37fcf.dir/build.make:97: recipe for target 'cmTC_37fcf' failed
make[1]: *** [cmTC_37fcf] Error 1
make[1]: Leaving directory '/home/tango/project_tango/project_tango_ws/build/hector_imu_tools/CMakeFiles/CMakeTmp'
Makefile:126: recipe for target 'cmTC_37fcf/fast' failed
make: *** [cmTC_37fcf/fast] Error 2

File /home/tango/project_tango/project_tango_ws/build/hector_imu_tools/CMakeFiles/CMakeTmp/CheckSymbolExists.c:
/* */
#include <pthread.h>

int main(int argc, char** argv)
{
  (void)argv;
#ifndef pthread_create
  return ((int*)(&pthread_create))[argc];
#else
  (void)argc;
  return 0;
#endif
}

Determining if the function pthread_create exists in the pthreads failed with the following output:
Change Dir: /home/tango/project_tango/project_tango_ws/build/hector_imu_tools/CMakeFiles/CMakeTmp

Run Build Command:"/usr/bin/make" "cmTC_0ebcb/fast"
/usr/bin/make -f CMakeFiles/cmTC_0ebcb.dir/build.make CMakeFiles/cmTC_0ebcb.dir/build
make[1]: Entering directory '/home/tango/project_tango/project_tango_ws/build/hector_imu_tools/CMakeFiles/CMakeTmp'
Building C object CMakeFiles/cmTC_0ebcb.dir/CheckFunctionExists.c.o
/usr/bin/cc   -DCHECK_FUNCTION_EXISTS=pthread_create   -o CMakeFiles/cmTC_0ebcb.dir/CheckFunctionExists.c.o   -c /usr/share/cmake-3.10/Modules/CheckFunctionExists.c
Linking C executable cmTC_0ebcb
/usr/bin/cmake -E cmake_link_script CMakeFiles/cmTC_0ebcb.dir/link.txt --verbose=1
/usr/bin/cc  -DCHECK_FUNCTION_EXISTS=pthread_create    -rdynamic CMakeFiles/cmTC_0ebcb.dir/CheckFunctionExists.c.o  -o cmTC_0ebcb -lpthreads 
/usr/bin/ld: cannot find -lpthreads
collect2: error: ld returned 1 exit status
CMakeFiles/cmTC_0ebcb.dir/build.make:97: recipe for target 'cmTC_0ebcb' failed
make[1]: *** [cmTC_0ebcb] Error 1
make[1]: Leaving directory '/home/tango/project_tango/project_tango_ws/build/hector_imu_tools/CMakeFiles/CMakeTmp'
Makefile:126: recipe for target 'cmTC_0ebcb/fast' failed
make: *** [cmTC_0ebcb/fast] Error 2


