Determining if the pthread_create exist failed with the following output:
Change Dir: /home/tango/project_tango/project_tango_ws/build/hector_nav_msgs/CMakeFiles/CMakeTmp

Run Build Command:"/usr/bin/make" "cmTC_31b6c/fast"
/usr/bin/make -f CMakeFiles/cmTC_31b6c.dir/build.make CMakeFiles/cmTC_31b6c.dir/build
make[1]: Entering directory '/home/tango/project_tango/project_tango_ws/build/hector_nav_msgs/CMakeFiles/CMakeTmp'
Building C object CMakeFiles/cmTC_31b6c.dir/CheckSymbolExists.c.o
/usr/bin/cc    -o CMakeFiles/cmTC_31b6c.dir/CheckSymbolExists.c.o   -c /home/tango/project_tango/project_tango_ws/build/hector_nav_msgs/CMakeFiles/CMakeTmp/CheckSymbolExists.c
Linking C executable cmTC_31b6c
/usr/bin/cmake -E cmake_link_script CMakeFiles/cmTC_31b6c.dir/link.txt --verbose=1
/usr/bin/cc      -rdynamic CMakeFiles/cmTC_31b6c.dir/CheckSymbolExists.c.o  -o cmTC_31b6c 
CMakeFiles/cmTC_31b6c.dir/CheckSymbolExists.c.o: In function `main':
CheckSymbolExists.c:(.text+0x2c): undefined reference to `pthread_create'
collect2: error: ld returned 1 exit status
CMakeFiles/cmTC_31b6c.dir/build.make:97: recipe for target 'cmTC_31b6c' failed
make[1]: *** [cmTC_31b6c] Error 1
make[1]: Leaving directory '/home/tango/project_tango/project_tango_ws/build/hector_nav_msgs/CMakeFiles/CMakeTmp'
Makefile:126: recipe for target 'cmTC_31b6c/fast' failed
make: *** [cmTC_31b6c/fast] Error 2

File /home/tango/project_tango/project_tango_ws/build/hector_nav_msgs/CMakeFiles/CMakeTmp/CheckSymbolExists.c:
/* */
#include <pthread.h>

int main(int argc, char** argv)
{
  (void)argv;
#ifndef pthread_create
  return ((int*)(&pthread_create))[argc];
#else
  (void)argc;
  return 0;
#endif
}

Determining if the function pthread_create exists in the pthreads failed with the following output:
Change Dir: /home/tango/project_tango/project_tango_ws/build/hector_nav_msgs/CMakeFiles/CMakeTmp

Run Build Command:"/usr/bin/make" "cmTC_f0e9c/fast"
/usr/bin/make -f CMakeFiles/cmTC_f0e9c.dir/build.make CMakeFiles/cmTC_f0e9c.dir/build
make[1]: Entering directory '/home/tango/project_tango/project_tango_ws/build/hector_nav_msgs/CMakeFiles/CMakeTmp'
Building C object CMakeFiles/cmTC_f0e9c.dir/CheckFunctionExists.c.o
/usr/bin/cc   -DCHECK_FUNCTION_EXISTS=pthread_create   -o CMakeFiles/cmTC_f0e9c.dir/CheckFunctionExists.c.o   -c /usr/share/cmake-3.10/Modules/CheckFunctionExists.c
Linking C executable cmTC_f0e9c
/usr/bin/cmake -E cmake_link_script CMakeFiles/cmTC_f0e9c.dir/link.txt --verbose=1
/usr/bin/cc  -DCHECK_FUNCTION_EXISTS=pthread_create    -rdynamic CMakeFiles/cmTC_f0e9c.dir/CheckFunctionExists.c.o  -o cmTC_f0e9c -lpthreads 
/usr/bin/ld: cannot find -lpthreads
collect2: error: ld returned 1 exit status
CMakeFiles/cmTC_f0e9c.dir/build.make:97: recipe for target 'cmTC_f0e9c' failed
make[1]: *** [cmTC_f0e9c] Error 1
make[1]: Leaving directory '/home/tango/project_tango/project_tango_ws/build/hector_nav_msgs/CMakeFiles/CMakeTmp'
Makefile:126: recipe for target 'cmTC_f0e9c/fast' failed
make: *** [cmTC_f0e9c/fast] Error 2


