Determining if the pthread_create exist failed with the following output:
Change Dir: /home/tango/project_tango/project_tango_ws/build/catkin_tools_prebuild/CMakeFiles/CMakeTmp

Run Build Command:"/usr/bin/make" "cmTC_fcb97/fast"
/usr/bin/make -f CMakeFiles/cmTC_fcb97.dir/build.make CMakeFiles/cmTC_fcb97.dir/build
make[1]: Entering directory '/home/tango/project_tango/project_tango_ws/build/catkin_tools_prebuild/CMakeFiles/CMakeTmp'
Building C object CMakeFiles/cmTC_fcb97.dir/CheckSymbolExists.c.o
/usr/bin/cc    -o CMakeFiles/cmTC_fcb97.dir/CheckSymbolExists.c.o   -c /home/tango/project_tango/project_tango_ws/build/catkin_tools_prebuild/CMakeFiles/CMakeTmp/CheckSymbolExists.c
Linking C executable cmTC_fcb97
/usr/bin/cmake -E cmake_link_script CMakeFiles/cmTC_fcb97.dir/link.txt --verbose=1
/usr/bin/cc      -rdynamic CMakeFiles/cmTC_fcb97.dir/CheckSymbolExists.c.o  -o cmTC_fcb97 
CMakeFiles/cmTC_fcb97.dir/CheckSymbolExists.c.o: In function `main':
CheckSymbolExists.c:(.text+0x2c): undefined reference to `pthread_create'
collect2: error: ld returned 1 exit status
CMakeFiles/cmTC_fcb97.dir/build.make:97: recipe for target 'cmTC_fcb97' failed
make[1]: *** [cmTC_fcb97] Error 1
make[1]: Leaving directory '/home/tango/project_tango/project_tango_ws/build/catkin_tools_prebuild/CMakeFiles/CMakeTmp'
Makefile:126: recipe for target 'cmTC_fcb97/fast' failed
make: *** [cmTC_fcb97/fast] Error 2

File /home/tango/project_tango/project_tango_ws/build/catkin_tools_prebuild/CMakeFiles/CMakeTmp/CheckSymbolExists.c:
/* */
#include <pthread.h>

int main(int argc, char** argv)
{
  (void)argv;
#ifndef pthread_create
  return ((int*)(&pthread_create))[argc];
#else
  (void)argc;
  return 0;
#endif
}

Determining if the function pthread_create exists in the pthreads failed with the following output:
Change Dir: /home/tango/project_tango/project_tango_ws/build/catkin_tools_prebuild/CMakeFiles/CMakeTmp

Run Build Command:"/usr/bin/make" "cmTC_9a44e/fast"
/usr/bin/make -f CMakeFiles/cmTC_9a44e.dir/build.make CMakeFiles/cmTC_9a44e.dir/build
make[1]: Entering directory '/home/tango/project_tango/project_tango_ws/build/catkin_tools_prebuild/CMakeFiles/CMakeTmp'
Building C object CMakeFiles/cmTC_9a44e.dir/CheckFunctionExists.c.o
/usr/bin/cc   -DCHECK_FUNCTION_EXISTS=pthread_create   -o CMakeFiles/cmTC_9a44e.dir/CheckFunctionExists.c.o   -c /usr/share/cmake-3.10/Modules/CheckFunctionExists.c
Linking C executable cmTC_9a44e
/usr/bin/cmake -E cmake_link_script CMakeFiles/cmTC_9a44e.dir/link.txt --verbose=1
/usr/bin/cc  -DCHECK_FUNCTION_EXISTS=pthread_create    -rdynamic CMakeFiles/cmTC_9a44e.dir/CheckFunctionExists.c.o  -o cmTC_9a44e -lpthreads 
/usr/bin/ld: cannot find -lpthreads
collect2: error: ld returned 1 exit status
CMakeFiles/cmTC_9a44e.dir/build.make:97: recipe for target 'cmTC_9a44e' failed
make[1]: *** [cmTC_9a44e] Error 1
make[1]: Leaving directory '/home/tango/project_tango/project_tango_ws/build/catkin_tools_prebuild/CMakeFiles/CMakeTmp'
Makefile:126: recipe for target 'cmTC_9a44e/fast' failed
make: *** [cmTC_9a44e/fast] Error 2


