Determining if the pthread_create exist failed with the following output:
Change Dir: /home/tango/project_tango/project_tango_ws/build/hector_mapping/CMakeFiles/CMakeTmp

Run Build Command:"/usr/bin/make" "cmTC_7851a/fast"
/usr/bin/make -f CMakeFiles/cmTC_7851a.dir/build.make CMakeFiles/cmTC_7851a.dir/build
make[1]: Entering directory '/home/tango/project_tango/project_tango_ws/build/hector_mapping/CMakeFiles/CMakeTmp'
Building C object CMakeFiles/cmTC_7851a.dir/CheckSymbolExists.c.o
/usr/bin/cc    -o CMakeFiles/cmTC_7851a.dir/CheckSymbolExists.c.o   -c /home/tango/project_tango/project_tango_ws/build/hector_mapping/CMakeFiles/CMakeTmp/CheckSymbolExists.c
Linking C executable cmTC_7851a
/usr/bin/cmake -E cmake_link_script CMakeFiles/cmTC_7851a.dir/link.txt --verbose=1
/usr/bin/cc      -rdynamic CMakeFiles/cmTC_7851a.dir/CheckSymbolExists.c.o  -o cmTC_7851a 
CMakeFiles/cmTC_7851a.dir/CheckSymbolExists.c.o: In function `main':
CheckSymbolExists.c:(.text+0x2c): undefined reference to `pthread_create'
collect2: error: ld returned 1 exit status
CMakeFiles/cmTC_7851a.dir/build.make:97: recipe for target 'cmTC_7851a' failed
make[1]: *** [cmTC_7851a] Error 1
make[1]: Leaving directory '/home/tango/project_tango/project_tango_ws/build/hector_mapping/CMakeFiles/CMakeTmp'
Makefile:126: recipe for target 'cmTC_7851a/fast' failed
make: *** [cmTC_7851a/fast] Error 2

File /home/tango/project_tango/project_tango_ws/build/hector_mapping/CMakeFiles/CMakeTmp/CheckSymbolExists.c:
/* */
#include <pthread.h>

int main(int argc, char** argv)
{
  (void)argv;
#ifndef pthread_create
  return ((int*)(&pthread_create))[argc];
#else
  (void)argc;
  return 0;
#endif
}

Determining if the function pthread_create exists in the pthreads failed with the following output:
Change Dir: /home/tango/project_tango/project_tango_ws/build/hector_mapping/CMakeFiles/CMakeTmp

Run Build Command:"/usr/bin/make" "cmTC_99837/fast"
/usr/bin/make -f CMakeFiles/cmTC_99837.dir/build.make CMakeFiles/cmTC_99837.dir/build
make[1]: Entering directory '/home/tango/project_tango/project_tango_ws/build/hector_mapping/CMakeFiles/CMakeTmp'
Building C object CMakeFiles/cmTC_99837.dir/CheckFunctionExists.c.o
/usr/bin/cc   -DCHECK_FUNCTION_EXISTS=pthread_create   -o CMakeFiles/cmTC_99837.dir/CheckFunctionExists.c.o   -c /usr/share/cmake-3.10/Modules/CheckFunctionExists.c
Linking C executable cmTC_99837
/usr/bin/cmake -E cmake_link_script CMakeFiles/cmTC_99837.dir/link.txt --verbose=1
/usr/bin/cc  -DCHECK_FUNCTION_EXISTS=pthread_create    -rdynamic CMakeFiles/cmTC_99837.dir/CheckFunctionExists.c.o  -o cmTC_99837 -lpthreads 
/usr/bin/ld: cannot find -lpthreads
collect2: error: ld returned 1 exit status
CMakeFiles/cmTC_99837.dir/build.make:97: recipe for target 'cmTC_99837' failed
make[1]: *** [cmTC_99837] Error 1
make[1]: Leaving directory '/home/tango/project_tango/project_tango_ws/build/hector_mapping/CMakeFiles/CMakeTmp'
Makefile:126: recipe for target 'cmTC_99837/fast' failed
make: *** [cmTC_99837/fast] Error 2


