Determining if the pthread_create exist failed with the following output:
Change Dir: /home/tango/project_tango/project_tango_ws/build/hector_map_tools/CMakeFiles/CMakeTmp

Run Build Command:"/usr/bin/make" "cmTC_ba416/fast"
/usr/bin/make -f CMakeFiles/cmTC_ba416.dir/build.make CMakeFiles/cmTC_ba416.dir/build
make[1]: Entering directory '/home/tango/project_tango/project_tango_ws/build/hector_map_tools/CMakeFiles/CMakeTmp'
Building C object CMakeFiles/cmTC_ba416.dir/CheckSymbolExists.c.o
/usr/bin/cc    -o CMakeFiles/cmTC_ba416.dir/CheckSymbolExists.c.o   -c /home/tango/project_tango/project_tango_ws/build/hector_map_tools/CMakeFiles/CMakeTmp/CheckSymbolExists.c
Linking C executable cmTC_ba416
/usr/bin/cmake -E cmake_link_script CMakeFiles/cmTC_ba416.dir/link.txt --verbose=1
/usr/bin/cc      -rdynamic CMakeFiles/cmTC_ba416.dir/CheckSymbolExists.c.o  -o cmTC_ba416 
CMakeFiles/cmTC_ba416.dir/CheckSymbolExists.c.o: In function `main':
CheckSymbolExists.c:(.text+0x2c): undefined reference to `pthread_create'
collect2: error: ld returned 1 exit status
CMakeFiles/cmTC_ba416.dir/build.make:97: recipe for target 'cmTC_ba416' failed
make[1]: *** [cmTC_ba416] Error 1
make[1]: Leaving directory '/home/tango/project_tango/project_tango_ws/build/hector_map_tools/CMakeFiles/CMakeTmp'
Makefile:126: recipe for target 'cmTC_ba416/fast' failed
make: *** [cmTC_ba416/fast] Error 2

File /home/tango/project_tango/project_tango_ws/build/hector_map_tools/CMakeFiles/CMakeTmp/CheckSymbolExists.c:
/* */
#include <pthread.h>

int main(int argc, char** argv)
{
  (void)argv;
#ifndef pthread_create
  return ((int*)(&pthread_create))[argc];
#else
  (void)argc;
  return 0;
#endif
}

Determining if the function pthread_create exists in the pthreads failed with the following output:
Change Dir: /home/tango/project_tango/project_tango_ws/build/hector_map_tools/CMakeFiles/CMakeTmp

Run Build Command:"/usr/bin/make" "cmTC_c7a06/fast"
/usr/bin/make -f CMakeFiles/cmTC_c7a06.dir/build.make CMakeFiles/cmTC_c7a06.dir/build
make[1]: Entering directory '/home/tango/project_tango/project_tango_ws/build/hector_map_tools/CMakeFiles/CMakeTmp'
Building C object CMakeFiles/cmTC_c7a06.dir/CheckFunctionExists.c.o
/usr/bin/cc   -DCHECK_FUNCTION_EXISTS=pthread_create   -o CMakeFiles/cmTC_c7a06.dir/CheckFunctionExists.c.o   -c /usr/share/cmake-3.10/Modules/CheckFunctionExists.c
Linking C executable cmTC_c7a06
/usr/bin/cmake -E cmake_link_script CMakeFiles/cmTC_c7a06.dir/link.txt --verbose=1
/usr/bin/cc  -DCHECK_FUNCTION_EXISTS=pthread_create    -rdynamic CMakeFiles/cmTC_c7a06.dir/CheckFunctionExists.c.o  -o cmTC_c7a06 -lpthreads 
/usr/bin/ld: cannot find -lpthreads
collect2: error: ld returned 1 exit status
CMakeFiles/cmTC_c7a06.dir/build.make:97: recipe for target 'cmTC_c7a06' failed
make[1]: *** [cmTC_c7a06] Error 1
make[1]: Leaving directory '/home/tango/project_tango/project_tango_ws/build/hector_map_tools/CMakeFiles/CMakeTmp'
Makefile:126: recipe for target 'cmTC_c7a06/fast' failed
make: *** [cmTC_c7a06/fast] Error 2


