Determining if the pthread_create exist failed with the following output:
Change Dir: /home/tango/project_tango/project_tango_ws/build/project-tango/CMakeFiles/CMakeTmp

Run Build Command:"/usr/bin/make" "cmTC_296f7/fast"
/usr/bin/make -f CMakeFiles/cmTC_296f7.dir/build.make CMakeFiles/cmTC_296f7.dir/build
make[1]: Entering directory '/home/tango/project_tango/project_tango_ws/build/project-tango/CMakeFiles/CMakeTmp'
Building C object CMakeFiles/cmTC_296f7.dir/CheckSymbolExists.c.o
/usr/bin/cc    -o CMakeFiles/cmTC_296f7.dir/CheckSymbolExists.c.o   -c /home/tango/project_tango/project_tango_ws/build/project-tango/CMakeFiles/CMakeTmp/CheckSymbolExists.c
Linking C executable cmTC_296f7
/usr/bin/cmake -E cmake_link_script CMakeFiles/cmTC_296f7.dir/link.txt --verbose=1
/usr/bin/cc      -rdynamic CMakeFiles/cmTC_296f7.dir/CheckSymbolExists.c.o  -o cmTC_296f7 
CMakeFiles/cmTC_296f7.dir/CheckSymbolExists.c.o: In function `main':
CheckSymbolExists.c:(.text+0x2c): undefined reference to `pthread_create'
collect2: error: ld returned 1 exit status
CMakeFiles/cmTC_296f7.dir/build.make:97: recipe for target 'cmTC_296f7' failed
make[1]: *** [cmTC_296f7] Error 1
make[1]: Leaving directory '/home/tango/project_tango/project_tango_ws/build/project-tango/CMakeFiles/CMakeTmp'
Makefile:126: recipe for target 'cmTC_296f7/fast' failed
make: *** [cmTC_296f7/fast] Error 2

File /home/tango/project_tango/project_tango_ws/build/project-tango/CMakeFiles/CMakeTmp/CheckSymbolExists.c:
/* */
#include <pthread.h>

int main(int argc, char** argv)
{
  (void)argv;
#ifndef pthread_create
  return ((int*)(&pthread_create))[argc];
#else
  (void)argc;
  return 0;
#endif
}

Determining if the function pthread_create exists in the pthreads failed with the following output:
Change Dir: /home/tango/project_tango/project_tango_ws/build/project-tango/CMakeFiles/CMakeTmp

Run Build Command:"/usr/bin/make" "cmTC_46889/fast"
/usr/bin/make -f CMakeFiles/cmTC_46889.dir/build.make CMakeFiles/cmTC_46889.dir/build
make[1]: Entering directory '/home/tango/project_tango/project_tango_ws/build/project-tango/CMakeFiles/CMakeTmp'
Building C object CMakeFiles/cmTC_46889.dir/CheckFunctionExists.c.o
/usr/bin/cc   -DCHECK_FUNCTION_EXISTS=pthread_create   -o CMakeFiles/cmTC_46889.dir/CheckFunctionExists.c.o   -c /usr/share/cmake-3.10/Modules/CheckFunctionExists.c
Linking C executable cmTC_46889
/usr/bin/cmake -E cmake_link_script CMakeFiles/cmTC_46889.dir/link.txt --verbose=1
/usr/bin/cc  -DCHECK_FUNCTION_EXISTS=pthread_create    -rdynamic CMakeFiles/cmTC_46889.dir/CheckFunctionExists.c.o  -o cmTC_46889 -lpthreads 
/usr/bin/ld: cannot find -lpthreads
collect2: error: ld returned 1 exit status
CMakeFiles/cmTC_46889.dir/build.make:97: recipe for target 'cmTC_46889' failed
make[1]: *** [cmTC_46889] Error 1
make[1]: Leaving directory '/home/tango/project_tango/project_tango_ws/build/project-tango/CMakeFiles/CMakeTmp'
Makefile:126: recipe for target 'cmTC_46889/fast' failed
make: *** [cmTC_46889/fast] Error 2


